{"/run/media/kostya/sdb3/HomeWork/Webpack/TestsRoom/ClientSide/searcher/src/App.js": {"path":"/run/media/kostya/sdb3/HomeWork/Webpack/TestsRoom/ClientSide/searcher/src/App.js","statementMap":{"0":{"start":{"line":8,"column":10},"end":{"line":11,"column":3}},"1":{"start":{"line":14,"column":4},"end":{"line":16,"column":7}},"2":{"start":{"line":19,"column":17},"end":{"line":23,"column":3}},"3":{"start":{"line":20,"column":4},"end":{"line":22,"column":7}},"4":{"start":{"line":25,"column":15},"end":{"line":29,"column":3}},"5":{"start":{"line":26,"column":4},"end":{"line":28,"column":7}},"6":{"start":{"line":27,"column":6},"end":{"line":27,"column":60}},"7":{"start":{"line":32,"column":4},"end":{"line":39,"column":6}}},"fnMap":{"0":{"name":"(anonymous_0)","decl":{"start":{"line":13,"column":2},"end":{"line":13,"column":3}},"loc":{"start":{"line":13,"column":22},"end":{"line":17,"column":3}},"line":13},"1":{"name":"(anonymous_1)","decl":{"start":{"line":19,"column":17},"end":{"line":19,"column":18}},"loc":{"start":{"line":19,"column":25},"end":{"line":23,"column":3}},"line":19},"2":{"name":"(anonymous_2)","decl":{"start":{"line":25,"column":15},"end":{"line":25,"column":16}},"loc":{"start":{"line":25,"column":33},"end":{"line":29,"column":3}},"line":25},"3":{"name":"(anonymous_3)","decl":{"start":{"line":26,"column":34},"end":{"line":26,"column":35}},"loc":{"start":{"line":26,"column":44},"end":{"line":28,"column":5}},"line":26},"4":{"name":"(anonymous_4)","decl":{"start":{"line":31,"column":2},"end":{"line":31,"column":3}},"loc":{"start":{"line":31,"column":11},"end":{"line":40,"column":3}},"line":31}},"branchMap":{},"s":{"0":6,"1":6,"2":6,"3":0,"4":6,"5":14,"6":8,"7":12},"f":{"0":6,"1":0,"2":14,"3":8,"4":12},"b":{},"_coverageSchema":"43e27e138ebf9cfc5966b082cf9a028302ed4184","hash":"a5574d11f9196a1a88b7ba5ebffd832d989c0624"}
,"/run/media/kostya/sdb3/HomeWork/Webpack/TestsRoom/ClientSide/searcher/src/components/card/Card.js": {"path":"/run/media/kostya/sdb3/HomeWork/Webpack/TestsRoom/ClientSide/searcher/src/components/card/Card.js","statementMap":{"0":{"start":{"line":4,"column":13},"end":{"line":14,"column":1}},"1":{"start":{"line":5,"column":2},"end":{"line":13,"column":4}}},"fnMap":{"0":{"name":"(anonymous_0)","decl":{"start":{"line":4,"column":13},"end":{"line":4,"column":14}},"loc":{"start":{"line":4,"column":39},"end":{"line":14,"column":1}},"line":4}},"branchMap":{},"s":{"0":3,"1":6},"f":{"0":6},"b":{},"_coverageSchema":"43e27e138ebf9cfc5966b082cf9a028302ed4184","hash":"56d8d7e4dd6fe931b16631155902a32031f4c92b"}
,"/run/media/kostya/sdb3/HomeWork/Webpack/TestsRoom/ClientSide/searcher/src/components/card-list/CardList.js": {"path":"/run/media/kostya/sdb3/HomeWork/Webpack/TestsRoom/ClientSide/searcher/src/components/card-list/CardList.js","statementMap":{"0":{"start":{"line":5,"column":17},"end":{"line":22,"column":1}},"1":{"start":{"line":6,"column":2},"end":{"line":21,"column":4}},"2":{"start":{"line":10,"column":10},"end":{"line":15,"column":12}}},"fnMap":{"0":{"name":"(anonymous_0)","decl":{"start":{"line":5,"column":17},"end":{"line":5,"column":18}},"loc":{"start":{"line":5,"column":32},"end":{"line":22,"column":1}},"line":5},"1":{"name":"(anonymous_1)","decl":{"start":{"line":9,"column":18},"end":{"line":9,"column":19}},"loc":{"start":{"line":10,"column":10},"end":{"line":15,"column":12}},"line":10}},"branchMap":{"0":{"loc":{"start":{"line":8,"column":7},"end":{"line":19,"column":7}},"type":"cond-expr","locations":[{"start":{"line":9,"column":8},"end":{"line":16,"column":10}},{"start":{"line":18,"column":8},"end":{"line":18,"column":31}}],"line":8}},"s":{"0":2,"1":6,"2":6},"f":{"0":6,"1":6},"b":{"0":[3,3]},"_coverageSchema":"43e27e138ebf9cfc5966b082cf9a028302ed4184","hash":"9d90535df3f058271c09aece36624ff1d6ba3450"}
,"/run/media/kostya/sdb3/HomeWork/Webpack/TestsRoom/ClientSide/searcher/src/components/search-box/SearchBox.js": {"path":"/run/media/kostya/sdb3/HomeWork/Webpack/TestsRoom/ClientSide/searcher/src/components/search-box/SearchBox.js","statementMap":{"0":{"start":{"line":4,"column":18},"end":{"line":13,"column":1}},"1":{"start":{"line":5,"column":2},"end":{"line":12,"column":4}}},"fnMap":{"0":{"name":"(anonymous_0)","decl":{"start":{"line":4,"column":18},"end":{"line":4,"column":19}},"loc":{"start":{"line":4,"column":53},"end":{"line":13,"column":1}},"line":4}},"branchMap":{},"s":{"0":2,"1":7},"f":{"0":7},"b":{},"_coverageSchema":"43e27e138ebf9cfc5966b082cf9a028302ed4184","hash":"86b4bc0440f29e23f9bc4024342c1f43b59a7d7e"}
,"/run/media/kostya/sdb3/HomeWork/Webpack/TestsRoom/ClientSide/searcher/src/layout/footer/Footer.js": {"path":"/run/media/kostya/sdb3/HomeWork/Webpack/TestsRoom/ClientSide/searcher/src/layout/footer/Footer.js","statementMap":{"0":{"start":{"line":4,"column":15},"end":{"line":11,"column":1}},"1":{"start":{"line":5,"column":2},"end":{"line":10,"column":4}}},"fnMap":{"0":{"name":"(anonymous_0)","decl":{"start":{"line":4,"column":15},"end":{"line":4,"column":16}},"loc":{"start":{"line":4,"column":21},"end":{"line":11,"column":1}},"line":4}},"branchMap":{},"s":{"0":2,"1":4},"f":{"0":4},"b":{},"_coverageSchema":"43e27e138ebf9cfc5966b082cf9a028302ed4184","hash":"22b06c0731e658c296067f1a46436290546b676a"}
}
