TN:
SF:/run/media/kostya/sdb3/HomeWork/Webpack/TestsRoom/ClientSide/searcher/src/App.js
FN:13,(anonymous_0)
FN:19,(anonymous_1)
FN:25,(anonymous_2)
FN:26,(anonymous_3)
FN:31,(anonymous_4)
FNF:5
FNH:4
FNDA:6,(anonymous_0)
FNDA:0,(anonymous_1)
FNDA:14,(anonymous_2)
FNDA:8,(anonymous_3)
FNDA:12,(anonymous_4)
DA:8,6
DA:14,6
DA:19,6
DA:20,0
DA:25,6
DA:26,14
DA:27,8
DA:32,12
LF:8
LH:7
BRF:0
BRH:0
end_of_record
TN:
SF:/run/media/kostya/sdb3/HomeWork/Webpack/TestsRoom/ClientSide/searcher/src/components/card/Card.js
FN:4,(anonymous_0)
FNF:1
FNH:1
FNDA:6,(anonymous_0)
DA:4,3
DA:5,6
LF:2
LH:2
BRF:0
BRH:0
end_of_record
TN:
SF:/run/media/kostya/sdb3/HomeWork/Webpack/TestsRoom/ClientSide/searcher/src/components/card-list/CardList.js
FN:5,(anonymous_0)
FN:9,(anonymous_1)
FNF:2
FNH:2
FNDA:6,(anonymous_0)
FNDA:6,(anonymous_1)
DA:5,2
DA:6,6
DA:10,6
LF:3
LH:3
BRDA:8,0,0,3
BRDA:8,0,1,3
BRF:2
BRH:2
end_of_record
TN:
SF:/run/media/kostya/sdb3/HomeWork/Webpack/TestsRoom/ClientSide/searcher/src/components/search-box/SearchBox.js
FN:4,(anonymous_0)
FNF:1
FNH:1
FNDA:7,(anonymous_0)
DA:4,2
DA:5,7
LF:2
LH:2
BRF:0
BRH:0
end_of_record
TN:
SF:/run/media/kostya/sdb3/HomeWork/Webpack/TestsRoom/ClientSide/searcher/src/layout/footer/Footer.js
FN:4,(anonymous_0)
FNF:1
FNH:1
FNDA:4,(anonymous_0)
DA:4,2
DA:5,4
LF:2
LH:2
BRF:0
BRH:0
end_of_record
